[ 50%] [32mBuilding CXX object CMakeFiles/can_reader_node.dir/src/can_reader_node.cpp.o[0m
[01m[K/home/muhammad/ros2_rt_telemetry_gateway/ros2_ws/src/can_reader/src/can_reader_node.cpp:[m[K In member function ‘[01m[Kint CanReaderNode::[01;32m[Kpool_socket[m[K()[m[K’:
[01m[K/home/muhammad/ros2_rt_telemetry_gateway/ros2_ws/src/can_reader/src/can_reader_node.cpp:85:5:[m[K [01;35m[Kwarning: [m[Kcontrol reaches end of non-void function [[01;35m[K]8;;https://gcc.gnu.org/onlinedocs/gcc/Warning-Options.html#index-Wreturn-type-Wreturn-type]8;;[m[K]
   85 |     [01;35m[K}[m[K
      |     [01;35m[K^[m[K
[100%] [32m[1mLinking CXX executable can_reader_node[0m
[100%] Built target can_reader_node
-- Install configuration: ""
-- Installing: /home/muhammad/ros2_rt_telemetry_gateway/ros2_ws/install/can_reader/lib/can_reader/can_reader_node
-- Set non-toolchain portion of runtime path of "/home/muhammad/ros2_rt_telemetry_gateway/ros2_ws/install/can_reader/lib/can_reader/can_reader_node" to ""
-- Up-to-date: /home/muhammad/ros2_rt_telemetry_gateway/ros2_ws/install/can_reader/share/ament_index/resource_index/package_run_dependencies/can_reader
-- Up-to-date: /home/muhammad/ros2_rt_telemetry_gateway/ros2_ws/install/can_reader/share/ament_index/resource_index/parent_prefix_path/can_reader
-- Up-to-date: /home/muhammad/ros2_rt_telemetry_gateway/ros2_ws/install/can_reader/share/can_reader/environment/ament_prefix_path.sh
-- Up-to-date: /home/muhammad/ros2_rt_telemetry_gateway/ros2_ws/install/can_reader/share/can_reader/environment/ament_prefix_path.dsv
-- Up-to-date: /home/muhammad/ros2_rt_telemetry_gateway/ros2_ws/install/can_reader/share/can_reader/environment/path.sh
-- Up-to-date: /home/muhammad/ros2_rt_telemetry_gateway/ros2_ws/install/can_reader/share/can_reader/environment/path.dsv
-- Up-to-date: /home/muhammad/ros2_rt_telemetry_gateway/ros2_ws/install/can_reader/share/can_reader/local_setup.bash
-- Up-to-date: /home/muhammad/ros2_rt_telemetry_gateway/ros2_ws/install/can_reader/share/can_reader/local_setup.sh
-- Up-to-date: /home/muhammad/ros2_rt_telemetry_gateway/ros2_ws/install/can_reader/share/can_reader/local_setup.zsh
-- Up-to-date: /home/muhammad/ros2_rt_telemetry_gateway/ros2_ws/install/can_reader/share/can_reader/local_setup.dsv
-- Installing: /home/muhammad/ros2_rt_telemetry_gateway/ros2_ws/install/can_reader/share/can_reader/package.dsv
-- Up-to-date: /home/muhammad/ros2_rt_telemetry_gateway/ros2_ws/install/can_reader/share/ament_index/resource_index/packages/can_reader
-- Up-to-date: /home/muhammad/ros2_rt_telemetry_gateway/ros2_ws/install/can_reader/share/can_reader/cmake/can_readerConfig.cmake
-- Up-to-date: /home/muhammad/ros2_rt_telemetry_gateway/ros2_ws/install/can_reader/share/can_reader/cmake/can_readerConfig-version.cmake
-- Up-to-date: /home/muhammad/ros2_rt_telemetry_gateway/ros2_ws/install/can_reader/share/can_reader/package.xml
