[0.017s] Invoking command in '/home/muhammad/ros2_rt_telemetry_gateway/ros2_ws/build/can_reader': CMAKE_PREFIX_PATH=${CMAKE_PREFIX_PATH}:/opt/ros/jazzy DEBUGINFOD_URLS=https://debuginfod.ubuntu.com /usr/bin/cmake --build /home/muhammad/ros2_rt_telemetry_gateway/ros2_ws/build/can_reader -- -j4 -l4
[0.097s] [ 50%] [32mBuilding CXX object CMakeFiles/can_reader_node.dir/src/can_reader_node.cpp.o[0m
[4.542s] [01m[K/home/muhammad/ros2_rt_telemetry_gateway/ros2_ws/src/can_reader/src/can_reader_node.cpp:[m[K In member function ‘[01m[Kint CanReaderNode::[01;32m[Kpool_socket[m[K()[m[K’:
[4.542s] [01m[K/home/muhammad/ros2_rt_telemetry_gateway/ros2_ws/src/can_reader/src/can_reader_node.cpp:85:5:[m[K [01;35m[Kwarning: [m[Kcontrol reaches end of non-void function [[01;35m[K]8;;https://gcc.gnu.org/onlinedocs/gcc/Warning-Options.html#index-Wreturn-type-Wreturn-type]8;;[m[K]
[4.542s]    85 |     [01;35m[K}[m[K
[4.543s]       |     [01;35m[K^[m[K
[6.323s] [100%] [32m[1mLinking CXX executable can_reader_node[0m
[6.582s] [100%] Built target can_reader_node
[6.599s] Invoked command in '/home/muhammad/ros2_rt_telemetry_gateway/ros2_ws/build/can_reader' returned '0': CMAKE_PREFIX_PATH=${CMAKE_PREFIX_PATH}:/opt/ros/jazzy DEBUGINFOD_URLS=https://debuginfod.ubuntu.com /usr/bin/cmake --build /home/muhammad/ros2_rt_telemetry_gateway/ros2_ws/build/can_reader -- -j4 -l4
[6.612s] Invoking command in '/home/muhammad/ros2_rt_telemetry_gateway/ros2_ws/build/can_reader': CMAKE_PREFIX_PATH=${CMAKE_PREFIX_PATH}:/opt/ros/jazzy DEBUGINFOD_URLS=https://debuginfod.ubuntu.com /usr/bin/cmake --install /home/muhammad/ros2_rt_telemetry_gateway/ros2_ws/build/can_reader
[6.623s] -- Install configuration: ""
[6.624s] -- Installing: /home/muhammad/ros2_rt_telemetry_gateway/ros2_ws/install/can_reader/lib/can_reader/can_reader_node
[6.626s] -- Set non-toolchain portion of runtime path of "/home/muhammad/ros2_rt_telemetry_gateway/ros2_ws/install/can_reader/lib/can_reader/can_reader_node" to ""
[6.626s] -- Up-to-date: /home/muhammad/ros2_rt_telemetry_gateway/ros2_ws/install/can_reader/share/ament_index/resource_index/package_run_dependencies/can_reader
[6.626s] -- Up-to-date: /home/muhammad/ros2_rt_telemetry_gateway/ros2_ws/install/can_reader/share/ament_index/resource_index/parent_prefix_path/can_reader
[6.627s] -- Up-to-date: /home/muhammad/ros2_rt_telemetry_gateway/ros2_ws/install/can_reader/share/can_reader/environment/ament_prefix_path.sh
[6.627s] -- Up-to-date: /home/muhammad/ros2_rt_telemetry_gateway/ros2_ws/install/can_reader/share/can_reader/environment/ament_prefix_path.dsv
[6.627s] -- Up-to-date: /home/muhammad/ros2_rt_telemetry_gateway/ros2_ws/install/can_reader/share/can_reader/environment/path.sh
[6.627s] -- Up-to-date: /home/muhammad/ros2_rt_telemetry_gateway/ros2_ws/install/can_reader/share/can_reader/environment/path.dsv
[6.627s] -- Up-to-date: /home/muhammad/ros2_rt_telemetry_gateway/ros2_ws/install/can_reader/share/can_reader/local_setup.bash
[6.628s] -- Up-to-date: /home/muhammad/ros2_rt_telemetry_gateway/ros2_ws/install/can_reader/share/can_reader/local_setup.sh
[6.628s] -- Up-to-date: /home/muhammad/ros2_rt_telemetry_gateway/ros2_ws/install/can_reader/share/can_reader/local_setup.zsh
[6.628s] -- Up-to-date: /home/muhammad/ros2_rt_telemetry_gateway/ros2_ws/install/can_reader/share/can_reader/local_setup.dsv
[6.628s] -- Installing: /home/muhammad/ros2_rt_telemetry_gateway/ros2_ws/install/can_reader/share/can_reader/package.dsv
[6.628s] -- Up-to-date: /home/muhammad/ros2_rt_telemetry_gateway/ros2_ws/install/can_reader/share/ament_index/resource_index/packages/can_reader
[6.628s] -- Up-to-date: /home/muhammad/ros2_rt_telemetry_gateway/ros2_ws/install/can_reader/share/can_reader/cmake/can_readerConfig.cmake
[6.628s] -- Up-to-date: /home/muhammad/ros2_rt_telemetry_gateway/ros2_ws/install/can_reader/share/can_reader/cmake/can_readerConfig-version.cmake
[6.628s] -- Up-to-date: /home/muhammad/ros2_rt_telemetry_gateway/ros2_ws/install/can_reader/share/can_reader/package.xml
[6.630s] Invoked command in '/home/muhammad/ros2_rt_telemetry_gateway/ros2_ws/build/can_reader' returned '0': CMAKE_PREFIX_PATH=${CMAKE_PREFIX_PATH}:/opt/ros/jazzy DEBUGINFOD_URLS=https://debuginfod.ubuntu.com /usr/bin/cmake --install /home/muhammad/ros2_rt_telemetry_gateway/ros2_ws/build/can_reader
