[0.016s] Invoking command in '/home/muhammad/ros2_rt_telemetry_gateway/ros2_ws/build/can_reader': CMAKE_PREFIX_PATH=${CMAKE_PREFIX_PATH}:/opt/ros/jazzy DEBUGINFOD_URLS=https://debuginfod.ubuntu.com /usr/bin/cmake --build /home/muhammad/ros2_rt_telemetry_gateway/ros2_ws/build/can_reader -- -j4 -l4
[0.096s] [100%] Built target can_reader_node
[0.115s] Invoked command in '/home/muhammad/ros2_rt_telemetry_gateway/ros2_ws/build/can_reader' returned '0': CMAKE_PREFIX_PATH=${CMAKE_PREFIX_PATH}:/opt/ros/jazzy DEBUGINFOD_URLS=https://debuginfod.ubuntu.com /usr/bin/cmake --build /home/muhammad/ros2_rt_telemetry_gateway/ros2_ws/build/can_reader -- -j4 -l4
[0.129s] Invoking command in '/home/muhammad/ros2_rt_telemetry_gateway/ros2_ws/build/can_reader': CMAKE_PREFIX_PATH=${CMAKE_PREFIX_PATH}:/opt/ros/jazzy DEBUGINFOD_URLS=https://debuginfod.ubuntu.com /usr/bin/cmake --install /home/muhammad/ros2_rt_telemetry_gateway/ros2_ws/build/can_reader
[0.139s] -- Install configuration: ""
[0.140s] -- Up-to-date: /home/muhammad/ros2_rt_telemetry_gateway/ros2_ws/install/can_reader/lib/can_reader/can_reader_node
[0.140s] -- Up-to-date: /home/muhammad/ros2_rt_telemetry_gateway/ros2_ws/install/can_reader/share/ament_index/resource_index/package_run_dependencies/can_reader
[0.141s] -- Up-to-date: /home/muhammad/ros2_rt_telemetry_gateway/ros2_ws/install/can_reader/share/ament_index/resource_index/parent_prefix_path/can_reader
[0.141s] -- Up-to-date: /home/muhammad/ros2_rt_telemetry_gateway/ros2_ws/install/can_reader/share/can_reader/environment/ament_prefix_path.sh
[0.141s] -- Up-to-date: /home/muhammad/ros2_rt_telemetry_gateway/ros2_ws/install/can_reader/share/can_reader/environment/ament_prefix_path.dsv
[0.141s] -- Up-to-date: /home/muhammad/ros2_rt_telemetry_gateway/ros2_ws/install/can_reader/share/can_reader/environment/path.sh
[0.142s] -- Up-to-date: /home/muhammad/ros2_rt_telemetry_gateway/ros2_ws/install/can_reader/share/can_reader/environment/path.dsv
[0.142s] -- Up-to-date: /home/muhammad/ros2_rt_telemetry_gateway/ros2_ws/install/can_reader/share/can_reader/local_setup.bash
[0.142s] -- Up-to-date: /home/muhammad/ros2_rt_telemetry_gateway/ros2_ws/install/can_reader/share/can_reader/local_setup.sh
[0.142s] -- Up-to-date: /home/muhammad/ros2_rt_telemetry_gateway/ros2_ws/install/can_reader/share/can_reader/local_setup.zsh
[0.142s] -- Up-to-date: /home/muhammad/ros2_rt_telemetry_gateway/ros2_ws/install/can_reader/share/can_reader/local_setup.dsv
[0.143s] -- Installing: /home/muhammad/ros2_rt_telemetry_gateway/ros2_ws/install/can_reader/share/can_reader/package.dsv
[0.143s] -- Up-to-date: /home/muhammad/ros2_rt_telemetry_gateway/ros2_ws/install/can_reader/share/ament_index/resource_index/packages/can_reader
[0.143s] -- Up-to-date: /home/muhammad/ros2_rt_telemetry_gateway/ros2_ws/install/can_reader/share/can_reader/cmake/can_readerConfig.cmake
[0.143s] -- Up-to-date: /home/muhammad/ros2_rt_telemetry_gateway/ros2_ws/install/can_reader/share/can_reader/cmake/can_readerConfig-version.cmake
[0.143s] -- Up-to-date: /home/muhammad/ros2_rt_telemetry_gateway/ros2_ws/install/can_reader/share/can_reader/package.xml
[0.145s] Invoked command in '/home/muhammad/ros2_rt_telemetry_gateway/ros2_ws/build/can_reader' returned '0': CMAKE_PREFIX_PATH=${CMAKE_PREFIX_PATH}:/opt/ros/jazzy DEBUGINFOD_URLS=https://debuginfod.ubuntu.com /usr/bin/cmake --install /home/muhammad/ros2_rt_telemetry_gateway/ros2_ws/build/can_reader
