[0.017s] Invoking command in '/home/muhammad/ros2_rt_telemetry_gateway/ros2_ws/build/can_reader': CMAKE_PREFIX_PATH=${CMAKE_PREFIX_PATH}:/opt/ros/jazzy DEBUGINFOD_URLS=https://debuginfod.ubuntu.com /usr/bin/cmake --build /home/muhammad/ros2_rt_telemetry_gateway/ros2_ws/build/can_reader -- -j4 -l4
[0.097s] [ 50%] [32mBuilding CXX object CMakeFiles/can_reader_node.dir/src/can_reader_node.cpp.o[0m
[4.461s] [01m[K/home/muhammad/ros2_rt_telemetry_gateway/ros2_ws/src/can_reader/src/can_reader_node.cpp:[m[K In member function ‘[01m[Kint CanReaderNode::[01;32m[Kpool_socket[m[K()[m[K’:
[4.461s] [01m[K/home/muhammad/ros2_rt_telemetry_gateway/ros2_ws/src/can_reader/src/can_reader_node.cpp:79:1:[m[K [01;35m[Kwarning: [m[Kcontrol reaches end of non-void function [[01;35m[K]8;;https://gcc.gnu.org/onlinedocs/gcc/Warning-Options.html#index-Wreturn-type-Wreturn-type]8;;[m[K]
[4.461s]    79 | [01;35m[K}[m[K
[4.461s]       | [01;35m[K^[m[K
[6.352s] [100%] [32m[1mLinking CXX executable can_reader_node[0m
[7.026s] [100%] Built target can_reader_node
[7.045s] Invoked command in '/home/muhammad/ros2_rt_telemetry_gateway/ros2_ws/build/can_reader' returned '0': CMAKE_PREFIX_PATH=${CMAKE_PREFIX_PATH}:/opt/ros/jazzy DEBUGINFOD_URLS=https://debuginfod.ubuntu.com /usr/bin/cmake --build /home/muhammad/ros2_rt_telemetry_gateway/ros2_ws/build/can_reader -- -j4 -l4
[7.058s] Invoking command in '/home/muhammad/ros2_rt_telemetry_gateway/ros2_ws/build/can_reader': CMAKE_PREFIX_PATH=${CMAKE_PREFIX_PATH}:/opt/ros/jazzy DEBUGINFOD_URLS=https://debuginfod.ubuntu.com /usr/bin/cmake --install /home/muhammad/ros2_rt_telemetry_gateway/ros2_ws/build/can_reader
[7.069s] -- Install configuration: ""
[7.069s] -- Installing: /home/muhammad/ros2_rt_telemetry_gateway/ros2_ws/install/can_reader/lib/can_reader/can_reader_node
[7.071s] -- Set non-toolchain portion of runtime path of "/home/muhammad/ros2_rt_telemetry_gateway/ros2_ws/install/can_reader/lib/can_reader/can_reader_node" to ""
[7.071s] -- Up-to-date: /home/muhammad/ros2_rt_telemetry_gateway/ros2_ws/install/can_reader/share/ament_index/resource_index/package_run_dependencies/can_reader
[7.071s] -- Up-to-date: /home/muhammad/ros2_rt_telemetry_gateway/ros2_ws/install/can_reader/share/ament_index/resource_index/parent_prefix_path/can_reader
[7.073s] -- Up-to-date: /home/muhammad/ros2_rt_telemetry_gateway/ros2_ws/install/can_reader/share/can_reader/environment/ament_prefix_path.sh
[7.073s] -- Up-to-date: /home/muhammad/ros2_rt_telemetry_gateway/ros2_ws/install/can_reader/share/can_reader/environment/ament_prefix_path.dsv
[7.074s] -- Up-to-date: /home/muhammad/ros2_rt_telemetry_gateway/ros2_ws/install/can_reader/share/can_reader/environment/path.sh
[7.074s] -- Up-to-date: /home/muhammad/ros2_rt_telemetry_gateway/ros2_ws/install/can_reader/share/can_reader/environment/path.dsv
[7.074s] -- Up-to-date: /home/muhammad/ros2_rt_telemetry_gateway/ros2_ws/install/can_reader/share/can_reader/local_setup.bash
[7.074s] -- Up-to-date: /home/muhammad/ros2_rt_telemetry_gateway/ros2_ws/install/can_reader/share/can_reader/local_setup.sh
[7.074s] -- Up-to-date: /home/muhammad/ros2_rt_telemetry_gateway/ros2_ws/install/can_reader/share/can_reader/local_setup.zsh
[7.075s] -- Up-to-date: /home/muhammad/ros2_rt_telemetry_gateway/ros2_ws/install/can_reader/share/can_reader/local_setup.dsv
[7.075s] -- Installing: /home/muhammad/ros2_rt_telemetry_gateway/ros2_ws/install/can_reader/share/can_reader/package.dsv
[7.075s] -- Up-to-date: /home/muhammad/ros2_rt_telemetry_gateway/ros2_ws/install/can_reader/share/ament_index/resource_index/packages/can_reader
[7.075s] -- Up-to-date: /home/muhammad/ros2_rt_telemetry_gateway/ros2_ws/install/can_reader/share/can_reader/cmake/can_readerConfig.cmake
[7.075s] -- Up-to-date: /home/muhammad/ros2_rt_telemetry_gateway/ros2_ws/install/can_reader/share/can_reader/cmake/can_readerConfig-version.cmake
[7.075s] -- Up-to-date: /home/muhammad/ros2_rt_telemetry_gateway/ros2_ws/install/can_reader/share/can_reader/package.xml
[7.077s] Invoked command in '/home/muhammad/ros2_rt_telemetry_gateway/ros2_ws/build/can_reader' returned '0': CMAKE_PREFIX_PATH=${CMAKE_PREFIX_PATH}:/opt/ros/jazzy DEBUGINFOD_URLS=https://debuginfod.ubuntu.com /usr/bin/cmake --install /home/muhammad/ros2_rt_telemetry_gateway/ros2_ws/build/can_reader
